<html>
<body>
<pre>
<h1>µVision Build Log</h1>
<h2>Tool Versions:</h2>
IDE-Version: ¦ÌVision V5.39.0.0
Copyright (C) 2023 ARM Ltd and ARM Germany GmbH. All rights reserved.
License Information: 1111 111, 111, LIC=ZB4EI-T8MRN-LQ50Q-NLLWH-B6KJV-B2Q1E
 
Tool Versions:
Toolchain:       MDK-ARM Plus  Version: 5.39.0.0
Toolchain Path:  D:\Keil5\ARM\ARMCLANG\Bin
C Compiler:      ArmClang.exe V6.21
Assembler:       Armasm.exe V6.21
Linker/Locator:  ArmLink.exe V6.21
Library Manager: ArmAr.exe V6.21
Hex Converter:   FromElf.exe V6.21
CPU DLL:         SARMCM3.DLL V5.39.0.0
Dialog DLL:      DCM.DLL V1.17.5.0
Target DLL:      STLink\ST-LINKIII-KEIL_SWO.dll V3.2.0.0
Dialog DLL:      TCM.DLL V1.56.4.0
 
<h2>Project:</h2>
C:\Users\zefengchen\Desktop\STM32_Project\Testbench_poweron\demo1\MDK-ARM\demo1.uvprojx
Project File Date:  07/31/2024

<h2>Output:</h2>
*** Using Compiler 'V6.21', folder: 'D:\Keil5\ARM\ARMCLANG\Bin'
Build target 'demo1'
../Core/Src/usart.c(22): error: 'ESP8266.h' file not found
   22 | #include "ESP8266.h"
      |          ^~~~~~~~~~~
1 error generated.
compiling usart.c...
../Core/Src/main.c(23): error: 'ESP8266.h' file not found
   23 | #include "ESP8266.h"
      |          ^~~~~~~~~~~
1 error generated.
compiling main.c...
"demo1\demo1.axf" - 2 Error(s), 0 Warning(s).

<h2>Software Packages used:</h2>

Package Vendor: ARM
                http://www.keil.com/pack/ARM.CMSIS.5.9.0.pack
                ARM::CMSIS@5.9.0
                CMSIS (Common Microcontroller Software Interface Standard)
   * Component: CORE Version: 5.6.0

Package Vendor: Keil
                https://www.keil.com/pack/Keil.STM32F1xx_DFP.2.4.1.pack
                Keil::STM32F1xx_DFP@2.4.1
                STMicroelectronics STM32F1 Series Device Support, Drivers and Examples

<h2>Collection of Component include folders:</h2>
  ./RTE/_demo1
  D:/Keil5/Packs/ARM/CMSIS/5.9.0/CMSIS/Core/Include
  D:/Keil5/Packs/Keil/STM32F1xx_DFP/2.4.1/Device/Include

<h2>Collection of Component Files used:</h2>

   * Component: ARM::CMSIS:CORE@5.6.0
      Include file:  CMSIS/Core/Include/tz_context.h
Target not created.
Build Time Elapsed:  00:00:01
</pre>
</body>
</html>
